# JRE version: OpenJDK Runtime Environment (17.0.7) (build 17.0.7+0-b2043.56-10550314)
# Java VM: OpenJDK 64-Bit Server VM (17.0.7+0-b2043.56-10550314, mixed mode, tiered, compressed oops, compressed class ptrs, g1 gc, windows-amd64)
GC Precious Log:
 CPUs: 8 total, 8 available
 Memory: 7959M
 Large Page Support: Disabled
 NUMA Support: Disabled
 Compressed Oops: Enabled (32-bit)
 Heap Region Size: 1M
 Heap Min Capacity: 8M
 Heap Initial Capacity: 126M
 Heap Max Capacity: 2G
 Pre-touch: Disabled
 Parallel Workers: 8
 Concurrent Workers: 2
 Concurrent Refinement Workers: 8
 Periodic GC: Disabled
Heap:
 garbage-first heap   total 71680K, used 29599K [0x0000000080000000, 0x0000000100000000)
  region size 1024K, 10 young (10240K), 3 survivors (3072K)
 Metaspace       used 36825K, committed 37184K, reserved 1114112K
  class space    used 5044K, committed 5184K, reserved 1048576K
GC Heap History (14 events):
Event: 0.790 GC heap before
{Heap before GC invocations=0 (full 0):
 garbage-first heap   total 129024K, used 26624K [0x0000000080000000, 0x0000000100000000)
  region size 1024K, 23 young (23552K), 0 survivors (0K)
 Metaspace       used 10464K, committed 10688K, reserved 1114112K
  class space    used 1088K, committed 1216K, reserved 1048576K
}
Event: 0.795 GC heap after
{Heap after GC invocations=1 (full 0):
 garbage-first heap   total 129024K, used 10325K [0x0000000080000000, 0x0000000100000000)
  region size 1024K, 3 young (3072K), 3 survivors (3072K)
 Metaspace       used 10464K, committed 10688K, reserved 1114112K
  class space    used 1088K, committed 1216K, reserved 1048576K
}
Event: 1.111 GC heap before
{Heap before GC invocations=1 (full 0):
 garbage-first heap   total 129024K, used 40021K [0x0000000080000000, 0x0000000100000000)
  region size 1024K, 31 young (31744K), 3 survivors (3072K)
 Metaspace       used 11448K, committed 11648K, reserved 1114112K
  class space    used 1194K, committed 1280K, reserved 1048576K
}
Event: 1.117 GC heap after
{Heap after GC invocations=2 (full 0):
 garbage-first heap   total 129024K, used 13238K [0x0000000080000000, 0x0000000100000000)
  region size 1024K, 3 young (3072K), 3 survivors (3072K)
 Metaspace       used 11448K, committed 11648K, reserved 1114112K
  class space    used 1194K, committed 1280K, reserved 1048576K
}
Event: 2.190 GC heap before
{Heap before GC invocations=2 (full 0):
 garbage-first heap   total 129024K, used 56246K [0x0000000080000000, 0x0000000100000000)
  region size 1024K, 47 young (48128K), 3 survivors (3072K)
 Metaspace       used 21281K, committed 21504K, reserved 1114112K
  class space    used 2576K, committed 2688K, reserved 1048576K
}
Event: 2.201 GC heap after
{Heap after GC invocations=3 (full 0):
 garbage-first heap   total 129024K, used 18962K [0x0000000080000000, 0x0000000100000000)
  region size 1024K, 9 young (9216K), 9 survivors (9216K)
 Metaspace       used 21281K, committed 21504K, reserved 1114112K
  class space    used 2576K, committed 2688K, reserved 1048576K
}
Event: 2.859 GC heap before
{Heap before GC invocations=4 (full 0):
 garbage-first heap   total 71680K, used 51730K [0x0000000080000000, 0x0000000100000000)
  region size 1024K, 42 young (43008K), 9 survivors (9216K)
 Metaspace       used 26114K, committed 26368K, reserved 1114112K
  class space    used 3416K, committed 3520K, reserved 1048576K
}
Event: 2.865 GC heap after
{Heap after GC invocations=5 (full 0):
 garbage-first heap   total 71680K, used 21040K [0x0000000080000000, 0x0000000100000000)
  region size 1024K, 3 young (3072K), 3 survivors (3072K)
 Metaspace       used 26114K, committed 26368K, reserved 1114112K
  class space    used 3416K, committed 3520K, reserved 1048576K
}
Event: 3.448 GC heap before
{Heap before GC invocations=5 (full 0):
 garbage-first heap   total 71680K, used 48688K [0x0000000080000000, 0x0000000100000000)
  region size 1024K, 31 young (31744K), 3 survivors (3072K)
 Metaspace       used 30054K, committed 30336K, reserved 1114112K
  class space    used 4065K, committed 4224K, reserved 1048576K
}
Event: 3.451 GC heap after
{Heap after GC invocations=6 (full 0):
 garbage-first heap   total 71680K, used 22253K [0x0000000080000000, 0x0000000100000000)
  region size 1024K, 4 young (4096K), 4 survivors (4096K)
 Metaspace       used 30054K, committed 30336K, reserved 1114112K
  class space    used 4065K, committed 4224K, reserved 1048576K
}
Event: 4.016 GC heap before
{Heap before GC invocations=6 (full 0):
 garbage-first heap   total 71680K, used 50925K [0x0000000080000000, 0x0000000100000000)
  region size 1024K, 33 young (33792K), 4 survivors (4096K)
 Metaspace       used 34234K, committed 34560K, reserved 1114112K
  class space    used 4715K, committed 4864K, reserved 1048576K
}
Event: 4.046 GC heap after
{Heap after GC invocations=7 (full 0):
 garbage-first heap   total 71680K, used 23683K [0x0000000080000000, 0x0000000100000000)
  region size 1024K, 3 young (3072K), 3 survivors (3072K)
 Metaspace       used 34234K, committed 34560K, reserved 1114112K
  class space    used 4715K, committed 4864K, reserved 1048576K
}
Event: 4.228 GC heap before
{Heap before GC invocations=7 (full 0):
 garbage-first heap   total 71680K, used 31875K [0x0000000080000000, 0x0000000100000000)
  region size 1024K, 12 young (12288K), 3 survivors (3072K)
 Metaspace       used 35620K, committed 35968K, reserved 1114112K
  class space    used 4946K, committed 5120K, reserved 1048576K
}
Event: 4.232 GC heap after
{Heap after GC invocations=8 (full 0):
 garbage-first heap   total 71680K, used 24479K [0x0000000080000000, 0x0000000100000000)
  region size 1024K, 3 young (3072K), 3 survivors (3072K)
 Metaspace       used 35620K, committed 35968K, reserved 1114112K
  class space    used 4946K, committed 5120K, reserved 1048576K
}

